Determining if the pthread_create exist failed with the following output:
Change Dir: /home/qingleizhai/Documents/shenlan-Motion-Planning-homework/homework_2/solution/ros版本作业/src/grid_path_searcher/build/CMakeFiles/CMakeTmp

Run Build Command:"/usr/bin/make" "cmTC_bbd0c/fast"
/usr/bin/make -f CMakeFiles/cmTC_bbd0c.dir/build.make CMakeFiles/cmTC_bbd0c.dir/build
make[1]: Entering directory '/home/qingleizhai/Documents/shenlan-Motion-Planning-homework/homework_2/solution/ros版本作业/src/grid_path_searcher/build/CMakeFiles/CMakeTmp'
Building C object CMakeFiles/cmTC_bbd0c.dir/CheckSymbolExists.c.o
/usr/bin/gcc    -o CMakeFiles/cmTC_bbd0c.dir/CheckSymbolExists.c.o   -c /home/qingleizhai/Documents/shenlan-Motion-Planning-homework/homework_2/solution/ros版本作业/src/grid_path_searcher/build/CMakeFiles/CMakeTmp/CheckSymbolExists.c
Linking C executable cmTC_bbd0c
/usr/bin/cmake -E cmake_link_script CMakeFiles/cmTC_bbd0c.dir/link.txt --verbose=1
/usr/bin/gcc      -rdynamic CMakeFiles/cmTC_bbd0c.dir/CheckSymbolExists.c.o  -o cmTC_bbd0c 
CMakeFiles/cmTC_bbd0c.dir/CheckSymbolExists.c.o: In function `main':
CheckSymbolExists.c:(.text+0x1b): undefined reference to `pthread_create'
collect2: error: ld returned 1 exit status
CMakeFiles/cmTC_bbd0c.dir/build.make:97: recipe for target 'cmTC_bbd0c' failed
make[1]: *** [cmTC_bbd0c] Error 1
make[1]: Leaving directory '/home/qingleizhai/Documents/shenlan-Motion-Planning-homework/homework_2/solution/ros版本作业/src/grid_path_searcher/build/CMakeFiles/CMakeTmp'
Makefile:126: recipe for target 'cmTC_bbd0c/fast' failed
make: *** [cmTC_bbd0c/fast] Error 2

File /home/qingleizhai/Documents/shenlan-Motion-Planning-homework/homework_2/solution/ros版本作业/src/grid_path_searcher/build/CMakeFiles/CMakeTmp/CheckSymbolExists.c:
/* */
#include <pthread.h>

int main(int argc, char** argv)
{
  (void)argv;
#ifndef pthread_create
  return ((int*)(&pthread_create))[argc];
#else
  (void)argc;
  return 0;
#endif
}

Determining if the function pthread_create exists in the pthreads failed with the following output:
Change Dir: /home/qingleizhai/Documents/shenlan-Motion-Planning-homework/homework_2/solution/ros版本作业/src/grid_path_searcher/build/CMakeFiles/CMakeTmp

Run Build Command:"/usr/bin/make" "cmTC_eceea/fast"
/usr/bin/make -f CMakeFiles/cmTC_eceea.dir/build.make CMakeFiles/cmTC_eceea.dir/build
make[1]: Entering directory '/home/qingleizhai/Documents/shenlan-Motion-Planning-homework/homework_2/solution/ros版本作业/src/grid_path_searcher/build/CMakeFiles/CMakeTmp'
Building C object CMakeFiles/cmTC_eceea.dir/CheckFunctionExists.c.o
/usr/bin/gcc   -DCHECK_FUNCTION_EXISTS=pthread_create   -o CMakeFiles/cmTC_eceea.dir/CheckFunctionExists.c.o   -c /usr/share/cmake-3.10/Modules/CheckFunctionExists.c
Linking C executable cmTC_eceea
/usr/bin/cmake -E cmake_link_script CMakeFiles/cmTC_eceea.dir/link.txt --verbose=1
/usr/bin/gcc  -DCHECK_FUNCTION_EXISTS=pthread_create    -rdynamic CMakeFiles/cmTC_eceea.dir/CheckFunctionExists.c.o  -o cmTC_eceea -lpthreads 
/usr/bin/ld: cannot find -lpthreads
collect2: error: ld returned 1 exit status
CMakeFiles/cmTC_eceea.dir/build.make:97: recipe for target 'cmTC_eceea' failed
make[1]: *** [cmTC_eceea] Error 1
make[1]: Leaving directory '/home/qingleizhai/Documents/shenlan-Motion-Planning-homework/homework_2/solution/ros版本作业/src/grid_path_searcher/build/CMakeFiles/CMakeTmp'
Makefile:126: recipe for target 'cmTC_eceea/fast' failed
make: *** [cmTC_eceea/fast] Error 2


